mode: set
github.com/kjanat/scdb/scdb_downloader.go:45.49,62.2 3 1
github.com/kjanat/scdb/scdb_downloader.go:65.40,66.22 1 0
github.com/kjanat/scdb/scdb_downloader.go:66.22,68.3 1 0
github.com/kjanat/scdb/scdb_downloader.go:71.2,72.16 2 0
github.com/kjanat/scdb/scdb_downloader.go:72.16,74.3 1 0
github.com/kjanat/scdb/scdb_downloader.go:75.2,75.15 1 0
github.com/kjanat/scdb/scdb_downloader.go:75.15,75.40 1 0
github.com/kjanat/scdb/scdb_downloader.go:77.2,78.16 2 0
github.com/kjanat/scdb/scdb_downloader.go:78.16,80.3 1 0
github.com/kjanat/scdb/scdb_downloader.go:83.2,85.22 3 0
github.com/kjanat/scdb/scdb_downloader.go:85.22,87.3 1 0
github.com/kjanat/scdb/scdb_downloader.go:89.2,92.22 3 0
github.com/kjanat/scdb/scdb_downloader.go:92.22,94.3 1 0
github.com/kjanat/scdb/scdb_downloader.go:97.2,106.16 3 0
github.com/kjanat/scdb/scdb_downloader.go:106.16,108.3 1 0
github.com/kjanat/scdb/scdb_downloader.go:111.2,119.16 8 0
github.com/kjanat/scdb/scdb_downloader.go:119.16,121.3 1 0
github.com/kjanat/scdb/scdb_downloader.go:122.2,122.15 1 0
github.com/kjanat/scdb/scdb_downloader.go:122.15,122.40 1 0
github.com/kjanat/scdb/scdb_downloader.go:125.2,125.77 1 0
github.com/kjanat/scdb/scdb_downloader.go:125.77,127.3 1 0
github.com/kjanat/scdb/scdb_downloader.go:129.2,129.22 1 0
github.com/kjanat/scdb/scdb_downloader.go:129.22,131.3 1 0
github.com/kjanat/scdb/scdb_downloader.go:133.2,133.12 1 0
github.com/kjanat/scdb/scdb_downloader.go:137.48,138.22 1 0
github.com/kjanat/scdb/scdb_downloader.go:138.22,140.3 1 0
github.com/kjanat/scdb/scdb_downloader.go:143.2,154.31 2 0
github.com/kjanat/scdb/scdb_downloader.go:154.31,156.3 1 0
github.com/kjanat/scdb/scdb_downloader.go:156.8,158.3 1 0
github.com/kjanat/scdb/scdb_downloader.go:161.2,161.26 1 0
github.com/kjanat/scdb/scdb_downloader.go:161.26,163.3 1 0
github.com/kjanat/scdb/scdb_downloader.go:163.8,165.3 1 0
github.com/kjanat/scdb/scdb_downloader.go:168.2,168.45 1 0
github.com/kjanat/scdb/scdb_downloader.go:168.45,170.3 1 0
github.com/kjanat/scdb/scdb_downloader.go:172.2,174.16 2 0
github.com/kjanat/scdb/scdb_downloader.go:174.16,176.3 1 0
github.com/kjanat/scdb/scdb_downloader.go:179.2,186.16 7 0
github.com/kjanat/scdb/scdb_downloader.go:186.16,188.3 1 0
github.com/kjanat/scdb/scdb_downloader.go:189.2,189.15 1 0
github.com/kjanat/scdb/scdb_downloader.go:189.15,189.40 1 0
github.com/kjanat/scdb/scdb_downloader.go:192.2,193.47 2 0
github.com/kjanat/scdb/scdb_downloader.go:197.49,198.22 1 0
github.com/kjanat/scdb/scdb_downloader.go:198.22,200.3 1 0
github.com/kjanat/scdb/scdb_downloader.go:202.2,208.16 3 0
github.com/kjanat/scdb/scdb_downloader.go:208.16,210.3 1 0
github.com/kjanat/scdb/scdb_downloader.go:213.2,220.16 7 0
github.com/kjanat/scdb/scdb_downloader.go:220.16,222.3 1 0
github.com/kjanat/scdb/scdb_downloader.go:223.2,223.15 1 0
github.com/kjanat/scdb/scdb_downloader.go:223.15,223.40 1 0
github.com/kjanat/scdb/scdb_downloader.go:226.2,227.47 2 0
github.com/kjanat/scdb/scdb_downloader.go:231.89,234.22 2 0
github.com/kjanat/scdb/scdb_downloader.go:234.22,236.3 1 0
github.com/kjanat/scdb/scdb_downloader.go:238.2,238.86 1 0
github.com/kjanat/scdb/scdb_downloader.go:238.86,242.3 2 0
github.com/kjanat/scdb/scdb_downloader.go:244.2,245.16 2 0
github.com/kjanat/scdb/scdb_downloader.go:245.16,247.3 1 0
github.com/kjanat/scdb/scdb_downloader.go:248.2,248.15 1 0
github.com/kjanat/scdb/scdb_downloader.go:248.15,248.34 1 0
github.com/kjanat/scdb/scdb_downloader.go:250.2,251.16 2 0
github.com/kjanat/scdb/scdb_downloader.go:251.16,253.3 1 0
github.com/kjanat/scdb/scdb_downloader.go:255.2,255.22 1 0
github.com/kjanat/scdb/scdb_downloader.go:255.22,257.3 1 0
github.com/kjanat/scdb/scdb_downloader.go:259.2,259.12 1 0
github.com/kjanat/scdb/scdb_downloader.go:263.38,265.34 1 0
github.com/kjanat/scdb/scdb_downloader.go:265.34,267.3 1 0
github.com/kjanat/scdb/scdb_downloader.go:270.2,270.28 1 0
github.com/kjanat/scdb/scdb_downloader.go:270.28,271.43 1 0
github.com/kjanat/scdb/scdb_downloader.go:271.43,273.4 1 0
github.com/kjanat/scdb/scdb_downloader.go:277.2,277.29 1 0
github.com/kjanat/scdb/scdb_downloader.go:277.29,278.44 1 0
github.com/kjanat/scdb/scdb_downloader.go:278.44,280.4 1 0
github.com/kjanat/scdb/scdb_downloader.go:283.2,283.12 1 0
github.com/kjanat/scdb/scdb_downloader.go:317.33,319.2 1 0
github.com/kjanat/scdb/scdb_downloader.go:322.56,324.29 2 1
github.com/kjanat/scdb/scdb_downloader.go:324.29,326.56 2 1
github.com/kjanat/scdb/scdb_downloader.go:326.56,328.4 1 0
github.com/kjanat/scdb/scdb_downloader.go:328.9,331.43 2 1
github.com/kjanat/scdb/scdb_downloader.go:331.43,332.43 1 1
github.com/kjanat/scdb/scdb_downloader.go:332.43,335.11 3 1
github.com/kjanat/scdb/scdb_downloader.go:338.4,338.14 1 1
github.com/kjanat/scdb/scdb_downloader.go:338.14,340.5 1 0
github.com/kjanat/scdb/scdb_downloader.go:343.2,343.38 1 1
github.com/kjanat/scdb/scdb_downloader.go:347.52,350.36 3 1
github.com/kjanat/scdb/scdb_downloader.go:350.36,351.21 1 1
github.com/kjanat/scdb/scdb_downloader.go:351.21,354.4 2 1
github.com/kjanat/scdb/scdb_downloader.go:356.2,356.15 1 1
github.com/kjanat/scdb/scdb_downloader.go:360.55,362.16 2 0
github.com/kjanat/scdb/scdb_downloader.go:362.16,364.3 1 0
github.com/kjanat/scdb/scdb_downloader.go:366.2,368.16 3 0
github.com/kjanat/scdb/scdb_downloader.go:368.16,370.3 1 0
github.com/kjanat/scdb/scdb_downloader.go:372.2,372.21 1 0
github.com/kjanat/scdb/scdb_downloader.go:376.60,379.47 2 0
github.com/kjanat/scdb/scdb_downloader.go:379.47,381.3 1 0
github.com/kjanat/scdb/scdb_downloader.go:383.2,384.16 2 0
github.com/kjanat/scdb/scdb_downloader.go:384.16,386.3 1 0
github.com/kjanat/scdb/scdb_downloader.go:388.2,388.43 1 0
github.com/kjanat/scdb/scdb_downloader.go:392.36,394.16 2 0
github.com/kjanat/scdb/scdb_downloader.go:394.16,396.3 1 0
github.com/kjanat/scdb/scdb_downloader.go:399.2,399.64 1 0
github.com/kjanat/scdb/scdb_downloader.go:399.64,401.3 1 0
github.com/kjanat/scdb/scdb_downloader.go:404.2,404.64 1 0
github.com/kjanat/scdb/scdb_downloader.go:408.19,449.2 40 0
github.com/kjanat/scdb/scdb_downloader.go:452.43,454.52 1 1
github.com/kjanat/scdb/scdb_downloader.go:454.52,456.3 1 0
github.com/kjanat/scdb/scdb_downloader.go:459.2,459.54 1 1
github.com/kjanat/scdb/scdb_downloader.go:459.54,461.3 1 0
github.com/kjanat/scdb/scdb_downloader.go:463.2,463.48 1 1
github.com/kjanat/scdb/scdb_downloader.go:463.48,465.3 1 0
github.com/kjanat/scdb/scdb_downloader.go:467.2,467.28 1 1
github.com/kjanat/scdb/scdb_downloader.go:467.28,469.3 1 0
github.com/kjanat/scdb/scdb_downloader.go:472.2,472.53 1 1
github.com/kjanat/scdb/scdb_downloader.go:472.53,474.3 1 0
github.com/kjanat/scdb/scdb_downloader.go:477.2,477.32 1 1
github.com/kjanat/scdb/scdb_downloader.go:477.32,479.3 1 0
github.com/kjanat/scdb/scdb_downloader.go:481.2,481.12 1 1
github.com/kjanat/scdb/scdb_downloader.go:484.13,515.22 20 0
github.com/kjanat/scdb/scdb_downloader.go:515.22,517.17 2 0
github.com/kjanat/scdb/scdb_downloader.go:517.17,520.4 2 0
github.com/kjanat/scdb/scdb_downloader.go:522.3,526.15 3 0
github.com/kjanat/scdb/scdb_downloader.go:530.2,530.27 1 0
github.com/kjanat/scdb/scdb_downloader.go:530.27,532.3 1 0
github.com/kjanat/scdb/scdb_downloader.go:533.2,533.27 1 0
github.com/kjanat/scdb/scdb_downloader.go:533.27,535.3 1 0
github.com/kjanat/scdb/scdb_downloader.go:538.2,538.24 1 0
github.com/kjanat/scdb/scdb_downloader.go:538.24,540.3 1 0
github.com/kjanat/scdb/scdb_downloader.go:540.8,543.33 2 0
github.com/kjanat/scdb/scdb_downloader.go:543.33,545.4 1 0
github.com/kjanat/scdb/scdb_downloader.go:547.3,548.17 2 0
github.com/kjanat/scdb/scdb_downloader.go:548.17,553.4 4 0
github.com/kjanat/scdb/scdb_downloader.go:554.3,554.30 1 0
github.com/kjanat/scdb/scdb_downloader.go:558.2,558.26 1 0
github.com/kjanat/scdb/scdb_downloader.go:558.26,559.34 1 0
github.com/kjanat/scdb/scdb_downloader.go:559.34,561.4 1 0
github.com/kjanat/scdb/scdb_downloader.go:564.3,564.55 1 0
github.com/kjanat/scdb/scdb_downloader.go:564.55,567.4 2 0
github.com/kjanat/scdb/scdb_downloader.go:568.3,568.49 1 0
github.com/kjanat/scdb/scdb_downloader.go:568.49,571.4 2 0
github.com/kjanat/scdb/scdb_downloader.go:572.3,572.29 1 0
github.com/kjanat/scdb/scdb_downloader.go:572.29,575.4 2 0
github.com/kjanat/scdb/scdb_downloader.go:577.3,577.65 1 0
github.com/kjanat/scdb/scdb_downloader.go:577.65,580.4 2 0
github.com/kjanat/scdb/scdb_downloader.go:581.3,582.9 2 0
github.com/kjanat/scdb/scdb_downloader.go:586.2,586.48 1 0
github.com/kjanat/scdb/scdb_downloader.go:586.48,590.3 3 0
github.com/kjanat/scdb/scdb_downloader.go:593.2,593.60 1 0
github.com/kjanat/scdb/scdb_downloader.go:593.60,596.3 2 0
github.com/kjanat/scdb/scdb_downloader.go:599.2,599.20 1 0
github.com/kjanat/scdb/scdb_downloader.go:599.20,611.30 12 0
github.com/kjanat/scdb/scdb_downloader.go:611.30,613.4 1 0
github.com/kjanat/scdb/scdb_downloader.go:614.3,614.16 1 0
github.com/kjanat/scdb/scdb_downloader.go:618.2,619.41 2 0
github.com/kjanat/scdb/scdb_downloader.go:619.41,622.3 2 0
github.com/kjanat/scdb/scdb_downloader.go:624.2,624.20 1 0
github.com/kjanat/scdb/scdb_downloader.go:624.20,626.3 1 0
